<?xml version="1.0" encoding="UTF-8"?>
<testng-results ignored="0" total="2" passed="2" failed="0" skipped="0">
  <reporter-output>
  </reporter-output>
  <suite started-at="2022-07-18T18:25:46 IST" name="Default suite" finished-at="2022-07-18T18:25:46 IST" duration-ms="63">
    <groups>
    </groups>
    <test started-at="2022-07-18T18:25:46 IST" name="Default test" finished-at="2022-07-18T18:25:46 IST" duration-ms="63">
      <class name="seliniumsetupdemo.TestNG">
        <test-method is-config="true" signature="launchbrowser()[pri:0, instance:seliniumsetupdemo.TestNG@5acf93bb]" started-at="2022-07-18T18:25:46 IST" name="launchbrowser" finished-at="2022-07-18T18:25:46 IST" duration-ms="8" status="PASS">
          <reporter-output>
          </reporter-output>
        </test-method> <!-- launchbrowser -->
        <test-method is-config="true" signature="searchtext()[pri:0, instance:seliniumsetupdemo.TestNG@5acf93bb]" started-at="2022-07-18T18:25:46 IST" name="searchtext" finished-at="2022-07-18T18:25:46 IST" duration-ms="0" status="PASS">
          <reporter-output>
          </reporter-output>
        </test-method> <!-- searchtext -->
        <test-method is-config="true" signature="Displaysearch()[pri:0, instance:seliniumsetupdemo.TestNG@5acf93bb]" started-at="2022-07-18T18:25:46 IST" name="Displaysearch" finished-at="2022-07-18T18:25:46 IST" duration-ms="0" status="PASS">
          <reporter-output>
          </reporter-output>
        </test-method> <!-- Displaysearch -->
        <test-method signature="abc()[pri:0, instance:seliniumsetupdemo.TestNG@5acf93bb]" started-at="2022-07-18T18:25:46 IST" name="abc" finished-at="2022-07-18T18:25:46 IST" duration-ms="6" status="PASS">
          <reporter-output>
          </reporter-output>
        </test-method> <!-- abc -->
        <test-method is-config="true" signature="verifydocumet()[pri:0, instance:seliniumsetupdemo.TestNG@5acf93bb]" started-at="2022-07-18T18:25:46 IST" name="verifydocumet" finished-at="2022-07-18T18:25:46 IST" duration-ms="1" status="PASS">
          <reporter-output>
          </reporter-output>
        </test-method> <!-- verifydocumet -->
        <test-method is-config="true" signature="Displaysearch()[pri:0, instance:seliniumsetupdemo.TestNG@5acf93bb]" started-at="2022-07-18T18:25:46 IST" name="Displaysearch" finished-at="2022-07-18T18:25:46 IST" duration-ms="1" status="PASS">
          <reporter-output>
          </reporter-output>
        </test-method> <!-- Displaysearch -->
        <test-method signature="xyz()[pri:0, instance:seliniumsetupdemo.TestNG@5acf93bb]" started-at="2022-07-18T18:25:46 IST" name="xyz" finished-at="2022-07-18T18:25:46 IST" duration-ms="2" status="PASS">
          <reporter-output>
          </reporter-output>
        </test-method> <!-- xyz -->
        <test-method is-config="true" signature="verifydocumet()[pri:0, instance:seliniumsetupdemo.TestNG@5acf93bb]" started-at="2022-07-18T18:25:46 IST" name="verifydocumet" finished-at="2022-07-18T18:25:46 IST" duration-ms="1" status="PASS">
          <reporter-output>
          </reporter-output>
        </test-method> <!-- verifydocumet -->
        <test-method is-config="true" signature="paymentpage()[pri:0, instance:seliniumsetupdemo.TestNG@5acf93bb]" started-at="2022-07-18T18:25:46 IST" name="paymentpage" finished-at="2022-07-18T18:25:46 IST" duration-ms="1" status="PASS">
          <reporter-output>
          </reporter-output>
        </test-method> <!-- paymentpage -->
        <test-method is-config="true" signature="submiteform()[pri:0, instance:seliniumsetupdemo.TestNG@5acf93bb]" started-at="2022-07-18T18:25:46 IST" name="submiteform" finished-at="2022-07-18T18:25:46 IST" duration-ms="0" status="PASS">
          <reporter-output>
          </reporter-output>
        </test-method> <!-- submiteform -->
      </class> <!-- seliniumsetupdemo.TestNG -->
    </test> <!-- Default test -->
  </suite> <!-- Default suite -->
</testng-results>
