<?xml version="1.0" encoding="UTF-8"?>
<testng-results ignored="0" total="1" passed="1" failed="0" skipped="0">
  <reporter-output>
  </reporter-output>
  <suite started-at="2022-07-06T14:53:11 IST" name="Default suite" finished-at="2022-07-06T14:53:29 IST" duration-ms="18682">
    <groups>
    </groups>
    <test started-at="2022-07-06T14:53:11 IST" name="Default test" finished-at="2022-07-06T14:53:29 IST" duration-ms="18682">
      <class name="tests.ZerodhaLogin">
        <test-method is-config="true" signature="loadConfig()[pri:0, instance:tests.ZerodhaLogin@2f217633]" started-at="2022-07-06T14:53:10 IST" name="loadConfig" finished-at="2022-07-06T14:53:11 IST" duration-ms="526" status="PASS">
          <reporter-output>
          </reporter-output>
        </test-method> <!-- loadConfig -->
        <test-method is-config="true" signature="setup()[pri:0, instance:tests.ZerodhaLogin@2f217633]" started-at="2022-07-06T14:53:11 IST" name="setup" finished-at="2022-07-06T14:53:24 IST" duration-ms="13623" status="PASS">
          <reporter-output>
          </reporter-output>
        </test-method> <!-- setup -->
        <test-method signature="zerodhLinkverify()[pri:0, instance:tests.ZerodhaLogin@2f217633]" started-at="2022-07-06T14:53:24 IST" name="zerodhLinkverify" finished-at="2022-07-06T14:53:29 IST" duration-ms="4624" status="PASS">
          <reporter-output>
          </reporter-output>
        </test-method> <!-- zerodhLinkverify -->
        <test-method is-config="true" signature="tearDown()[pri:0, instance:tests.ZerodhaLogin@2f217633]" started-at="2022-07-06T14:53:29 IST" name="tearDown" finished-at="2022-07-06T14:53:29 IST" duration-ms="385" status="PASS">
          <reporter-output>
          </reporter-output>
        </test-method> <!-- tearDown -->
      </class> <!-- tests.ZerodhaLogin -->
    </test> <!-- Default test -->
  </suite> <!-- Default suite -->
</testng-results>
